<?xml version="1.0" encoding="UTF-8"?>
<!-- Generated by org.testng.reporters.JUnitReportReporter -->
<testsuite hostname="GURU" failures="0" tests="1" name="vouchVerifyTestScript.DataBaseReadCode" time="3151.220" errors="0" timestamp="2024-03-14T15:09:55 IST" skipped="0">
  <testcase classname="vouchVerifyTestScript.DataBaseReadCode" name="fetchWeebhookFromDB" time="3151.220"/>
  <system-out/>
</testsuite> <!-- vouchVerifyTestScript.DataBaseReadCode -->
