<?xml version="1.0" encoding="UTF-8"?>
<!-- Generated by org.testng.reporters.JUnitReportReporter -->
<testsuite hostname="GURU" failures="0" tests="9" name="vouchVerifyTestScript.ValidVerificationFlowForFree" time="482.590" errors="0" timestamp="2023-11-21T18:16:37 IST" skipped="0">
  <testcase classname="vouchVerifyTestScript.ValidVerificationFlowForFree" name="cashFreeVerification" time="40.092"/>
  <system-out/>
  <testcase classname="vouchVerifyTestScript.ValidVerificationFlowForFree" name="iciciEnqVerification" time="37.305"/>
  <system-out/>
  <testcase classname="vouchVerifyTestScript.ValidVerificationFlowForFree" name="pennyDropVerification" time="36.173"/>
  <system-out/>
  <testcase classname="vouchVerifyTestScript.ValidVerificationFlowForFree" name="cashFreeInvalidVerification" time="36.001"/>
  <system-out/>
  <testcase classname="vouchVerifyTestScript.ValidVerificationFlowForFree" name="iciciEnqInvalidVerification" time="36.819"/>
  <system-out/>
  <testcase classname="vouchVerifyTestScript.ValidVerificationFlowForFree" name="pennyDropInvalidVerification" time="36.269"/>
  <system-out/>
  <testcase classname="vouchVerifyTestScript.ValidVerificationFlowForFree" name="cashFreeFailedVerification" time="86.128"/>
  <system-out/>
  <testcase classname="vouchVerifyTestScript.ValidVerificationFlowForFree" name="iciciEnqFailedVerification" time="87.914"/>
  <system-out/>
  <testcase classname="vouchVerifyTestScript.ValidVerificationFlowForFree" name="pennyDropFailedVerification" time="85.889"/>
  <system-out/>
</testsuite> <!-- vouchVerifyTestScript.ValidVerificationFlowForFree -->
