<?xml version="1.0" encoding="UTF-8"?>
<!-- Generated by org.testng.reporters.JUnitReportReporter -->
<testsuite hostname="GURU" failures="0" tests="1" name="vouchVerifyTestScript.ApiVerificationPerformanceTest" time="47.912" errors="0" timestamp="2024-03-05T16:31:29 IST" skipped="0">
  <testcase classname="vouchVerifyTestScript.ApiVerificationPerformanceTest" name="benificaryStatusCheck" time="47.912"/>
  <system-out/>
</testsuite> <!-- vouchVerifyTestScript.ApiVerificationPerformanceTest -->
