<?xml version="1.0" encoding="UTF-8"?>
<!-- Generated by org.testng.reporters.JUnitReportReporter -->
<testsuite hostname="GURU" failures="0" tests="1" name="vouchVerifyTestScript.SignUpPageInvalidCriteriaValidation" time="32.802" errors="0" timestamp="2024-03-15T16:27:31 IST" skipped="0">
  <testcase classname="vouchVerifyTestScript.SignUpPageInvalidCriteriaValidation" name="signUpErrorMessageValidation" time="32.802"/>
  <system-out/>
</testsuite> <!-- vouchVerifyTestScript.SignUpPageInvalidCriteriaValidation -->
