<?xml version="1.0" encoding="UTF-8"?>
<!-- Generated by org.testng.reporters.JUnitReportReporter -->
<testsuite hostname="GURU" failures="0" tests="1" name="vouchVerifyTestScript.SignUpPageInvalidCriteriaValidation" time="23.320" errors="0" timestamp="2023-11-22T18:30:53 IST" skipped="0">
  <testcase classname="vouchVerifyTestScript.SignUpPageInvalidCriteriaValidation" name="signUpErrorMessageValidation" time="23.320"/>
  <system-out/>
</testsuite> <!-- vouchVerifyTestScript.SignUpPageInvalidCriteriaValidation -->
