<?xml version="1.0" encoding="UTF-8"?>
<!-- Generated by org.testng.reporters.JUnitReportReporter -->
<testsuite hostname="GURU" failures="0" tests="1" name="vouchVerifyTestScript.InvalidCriteriaValidation" time="23.708" errors="0" timestamp="2023-11-22T15:07:58 IST" skipped="0">
  <testcase classname="vouchVerifyTestScript.InvalidCriteriaValidation" name="invalidAccNoOrUpi_IFSC" time="23.708"/>
  <system-out/>
</testsuite> <!-- vouchVerifyTestScript.InvalidCriteriaValidation -->
