<?xml version="1.0" encoding="UTF-8"?>
<!-- Generated by org.testng.reporters.JUnitReportReporter -->
<testsuite hostname="GURU" failures="0" tests="1" name="vouchVerifyTestScript.BulkVerificationTest" time="66.544" errors="0" timestamp="2023-12-12T12:05:53 IST" skipped="0">
  <testcase classname="vouchVerifyTestScript.BulkVerificationTest" name="bulkVerificatio" time="66.544"/>
  <system-out/>
</testsuite> <!-- vouchVerifyTestScript.BulkVerificationTest -->
