<?xml version="1.0" encoding="UTF-8"?>
<!-- Generated by org.testng.reporters.JUnitReportReporter -->
<testsuite hostname="GURU" failures="0" tests="1" name="DataBaseChecking.PendingPayoutFailure" time="243.458" errors="0" timestamp="2024-03-19T11:35:29 IST" skipped="0">
  <testcase classname="DataBaseChecking.PendingPayoutFailure" name="pendingPayoutFailureDetailsFetchInDB" time="243.458"/>
  <system-out/>
</testsuite> <!-- DataBaseChecking.PendingPayoutFailure -->
