<?xml version="1.0" encoding="UTF-8"?>
<!-- Generated by org.testng.reporters.JUnitReportReporter -->
<testsuite hostname="GURU" failures="0" tests="9" name="vouchVerifyTestScript.AccVerificationFlowForFree" time="471.702" errors="0" timestamp="2024-03-15T17:11:17 IST" skipped="0">
  <testcase classname="vouchVerifyTestScript.AccVerificationFlowForFree" name="cashFreeVerification" time="36.625"/>
  <system-out/>
  <testcase classname="vouchVerifyTestScript.AccVerificationFlowForFree" name="iciciEnqVerification" time="35.793"/>
  <system-out/>
  <testcase classname="vouchVerifyTestScript.AccVerificationFlowForFree" name="pennyDropVerification" time="36.867"/>
  <system-out/>
  <testcase classname="vouchVerifyTestScript.AccVerificationFlowForFree" name="cashFreeInvalidVerification" time="35.252"/>
  <system-out/>
  <testcase classname="vouchVerifyTestScript.AccVerificationFlowForFree" name="iciciEnqInvalidVerification" time="36.292"/>
  <system-out/>
  <testcase classname="vouchVerifyTestScript.AccVerificationFlowForFree" name="pennyDropInvalidVerification" time="36.734"/>
  <system-out/>
  <testcase classname="vouchVerifyTestScript.AccVerificationFlowForFree" name="cashFreeFailedVerification" time="85.303"/>
  <system-out/>
  <testcase classname="vouchVerifyTestScript.AccVerificationFlowForFree" name="iciciEnqFailedVerification" time="84.810"/>
  <system-out/>
  <testcase classname="vouchVerifyTestScript.AccVerificationFlowForFree" name="pennyDropFailedVerification" time="84.026"/>
  <system-out/>
</testsuite> <!-- vouchVerifyTestScript.AccVerificationFlowForFree -->
