<?xml version="1.0" encoding="UTF-8"?>
<!-- Generated by org.testng.reporters.JUnitReportReporter -->
<testsuite hostname="GURU" failures="0" tests="1" name="vouchVerifyTestScript.ApiVerificationPerformanceTest" time="0.772" errors="0" timestamp="2023-11-23T22:28:34 IST" skipped="0">
  <testcase classname="vouchVerifyTestScript.ApiVerificationPerformanceTest" name="apiVerification" time="0.772"/>
  <system-out/>
</testsuite> <!-- vouchVerifyTestScript.ApiVerificationPerformanceTest -->
