<?xml version="1.0" encoding="UTF-8"?>
<!-- Generated by org.testng.reporters.JUnitReportReporter -->
<testsuite hostname="GURU" failures="0" tests="1" name="vouchVerifyTestScript.LoginTest" time="109.895" errors="0" timestamp="2024-03-15T16:59:43 IST" skipped="0">
  <testcase classname="vouchVerifyTestScript.LoginTest" name="existingUserLogin" time="109.895"/>
  <system-out/>
</testsuite> <!-- vouchVerifyTestScript.LoginTest -->
