<?xml version="1.0" encoding="UTF-8"?>
<!-- Generated by org.testng.reporters.JUnitReportReporter -->
<testsuite hostname="GURU" failures="0" tests="1" name="vouchVerifyTestScript.ToCheckTimeStampDelay" time="0.055" errors="0" timestamp="2023-12-20T16:07:33 IST" skipped="0">
  <testcase classname="vouchVerifyTestScript.ToCheckTimeStampDelay" name="toCheckSingleDelay" time="0.055"/>
  <system-out/>
</testsuite> <!-- vouchVerifyTestScript.ToCheckTimeStampDelay -->
