<?xml version="1.0" encoding="UTF-8"?>
<!-- Generated by org.testng.reporters.JUnitReportReporter -->
<testsuite hostname="GURU" failures="0" tests="1" name="vouchVerifyTestScript.ValidVerificationFlow" time="108.219" errors="0" timestamp="2023-11-16T23:50:59 IST" skipped="0">
  <testcase classname="vouchVerifyTestScript.ValidVerificationFlow" name="verifyAtCashFree" time="108.219"/>
  <system-out/>
</testsuite> <!-- vouchVerifyTestScript.ValidVerificationFlow -->
