<?xml version="1.0" encoding="UTF-8"?>
<!-- Generated by org.testng.reporters.JUnitReportReporter -->
<testsuite hostname="GURU" failures="0" tests="1" name="vouchVerifyTestScript.HomePageInvalidCriteriaValidation" time="24.301" errors="0" timestamp="2024-03-15T16:33:35 IST" skipped="0">
  <testcase classname="vouchVerifyTestScript.HomePageInvalidCriteriaValidation" name="homeErrorMessageValidation" time="24.301"/>
  <system-out/>
</testsuite> <!-- vouchVerifyTestScript.HomePageInvalidCriteriaValidation -->
