<?xml version="1.0" encoding="UTF-8"?>
<!-- Generated by org.testng.reporters.JUnitReportReporter -->
<testsuite hostname="GURU" failures="0" tests="1" name="DataBaseChecking.LadgerLabelFetch" time="522.654" errors="0" timestamp="2024-06-12T18:35:48 IST" skipped="0">
  <testcase classname="DataBaseChecking.LadgerLabelFetch" name="pendingPayoutFailureDetailsFetchInDB" time="522.654"/>
  <system-out/>
</testsuite> <!-- DataBaseChecking.LadgerLabelFetch -->
