<?xml version="1.0" encoding="UTF-8"?>
<!-- Generated by org.testng.reporters.JUnitReportReporter -->
<testsuite hostname="GURU" failures="0" tests="1" name="vouchVerifyTestScript.DataBaseReadCode" time="641.352" errors="0" timestamp="2023-11-27T12:15:48 IST" skipped="0">
  <testcase classname="vouchVerifyTestScript.DataBaseReadCode" name="toAlterTheWebhooksWithVerify" time="641.352"/>
  <system-out/>
</testsuite> <!-- vouchVerifyTestScript.DataBaseReadCode -->
