<?xml version="1.0" encoding="UTF-8"?>
<!-- Generated by org.testng.reporters.JUnitReportReporter -->
<testsuite hostname="GURU" failures="0" tests="4" name="vouchVerifyTestScript.UpiVerificationFlowForFree" time="159.989" errors="0" timestamp="2024-03-15T17:11:17 IST" skipped="0">
  <testcase classname="vouchVerifyTestScript.UpiVerificationFlowForFree" name="validUpiVerification1" time="41.943"/>
  <system-out/>
  <testcase classname="vouchVerifyTestScript.UpiVerificationFlowForFree" name="validUpiVerification2" time="42.239"/>
  <system-out/>
  <testcase classname="vouchVerifyTestScript.UpiVerificationFlowForFree" name="inValidUpiVerification1" time="36.533"/>
  <system-out/>
  <testcase classname="vouchVerifyTestScript.UpiVerificationFlowForFree" name="inValidUpiVerification2" time="39.274"/>
  <system-out/>
</testsuite> <!-- vouchVerifyTestScript.UpiVerificationFlowForFree -->
